<?xml version="1.0" encoding="UTF-8"?>
<!-- Generated by org.testng.reporters.JUnitReportReporter -->
<testsuite skipped="0" hostname="LAPTOP-G69EQP0M" name="pomTest.Test" tests="1" failures="0" timestamp="2021-05-24T17:35:01 IST" time="2.186" errors="0">
  <testcase name="verifyLoginFunctionality" time="2.186" classname="pomTest.Test"/>
  <system-out/>
</testsuite> <!-- pomTest.Test -->
